# JRE version: OpenJDK Runtime Environment (7.0_55-b14) (build 1.7.0_55-b14)
# Java VM: OpenJDK 64-Bit Server VM (24.51-b03 mixed mode linux-amd64 compressed oops)
Heap
 PSYoungGen      total 186368K, used 144952K [0x00000000eb900000, 0x00000000f9b00000, 0x0000000100000000)
  eden space 158720K, 91% used [0x00000000eb900000,0x00000000f468e190,0x00000000f5400000)
  from space 27648K, 0% used [0x00000000f7380000,0x00000000f7380000,0x00000000f8e80000)
  to   space 32256K, 5% used [0x00000000f5400000,0x00000000f559c988,0x00000000f7380000)
 ParOldGen       total 291840K, used 255877K [0x00000000c2c00000, 0x00000000d4900000, 0x00000000eb900000)
  object space 291840K, 87% used [0x00000000c2c00000,0x00000000d25e1470,0x00000000d4900000)
 PSPermGen       total 23040K, used 12970K [0x00000000b8600000, 0x00000000b9c80000, 0x00000000c2c00000)
  object space 23040K, 56% used [0x00000000b8600000,0x00000000b92aaa68,0x00000000b9c80000)
GC Heap History (10 events):
Event: 4.528 GC heap after
Heap after GC invocations=17 (full 5):
 PSYoungGen      total 134656K, used 20167K [0x00000000eb900000, 0x00000000f6900000, 0x0000000100000000)
  eden space 113664K, 0% used [0x00000000eb900000,0x00000000eb900000,0x00000000f2800000)
  from space 20992K, 96% used [0x00000000f4000000,0x00000000f53b1fe0,0x00000000f5480000)
  to   space 24576K, 0% used [0x00000000f2800000,0x00000000f2800000,0x00000000f4000000)
 ParOldGen       total 284160K, used 254428K [0x00000000c2c00000, 0x00000000d4180000, 0x00000000eb900000)
  object space 284160K, 89% used [0x00000000c2c00000,0x00000000d2477330,0x00000000d4180000)
 PSPermGen       total 25600K, used 12948K [0x00000000b8600000, 0x00000000b9f00000, 0x00000000c2c00000)
  object space 25600K, 50% used [0x00000000b8600000,0x00000000b92a52f8,0x00000000b9f00000)
}
Event: 4.531 GC heap before
{Heap before GC invocations=18 (full 6):
 PSYoungGen      total 134656K, used 20167K [0x00000000eb900000, 0x00000000f6900000, 0x0000000100000000)
  eden space 113664K, 0% used [0x00000000eb900000,0x00000000eb900000,0x00000000f2800000)
  from space 20992K, 96% used [0x00000000f4000000,0x00000000f53b1fe0,0x00000000f5480000)
  to   space 24576K, 0% used [0x00000000f2800000,0x00000000f2800000,0x00000000f4000000)
 ParOldGen       total 284160K, used 254428K [0x00000000c2c00000, 0x00000000d4180000, 0x00000000eb900000)
  object space 284160K, 89% used [0x00000000c2c00000,0x00000000d2477330,0x00000000d4180000)
 PSPermGen       total 25600K, used 12948K [0x00000000b8600000, 0x00000000b9f00000, 0x00000000c2c00000)
  object space 25600K, 50% used [0x00000000b8600000,0x00000000b92a52f8,0x00000000b9f00000)
Event: 4.588 GC heap after
Heap after GC invocations=18 (full 6):
 PSYoungGen      total 134656K, used 0K [0x00000000eb900000, 0x00000000f6900000, 0x0000000100000000)
  eden space 113664K, 0% used [0x00000000eb900000,0x00000000eb900000,0x00000000f2800000)
  from space 20992K, 0% used [0x00000000f4000000,0x00000000f4000000,0x00000000f5480000)
  to   space 24576K, 0% used [0x00000000f2800000,0x00000000f2800000,0x00000000f4000000)
 ParOldGen       total 232960K, used 74417K [0x00000000c2c00000, 0x00000000d0f80000, 0x00000000eb900000)
  object space 232960K, 31% used [0x00000000c2c00000,0x00000000c74ac518,0x00000000d0f80000)
 PSPermGen       total 24576K, used 12948K [0x00000000b8600000, 0x00000000b9e00000, 0x00000000c2c00000)
  object space 24576K, 52% used [0x00000000b8600000,0x00000000b92a52f8,0x00000000b9e00000)
}
Event: 4.861 GC heap before
{Heap before GC invocations=19 (full 6):
 PSYoungGen      total 134656K, used 113664K [0x00000000eb900000, 0x00000000f6900000, 0x0000000100000000)
  eden space 113664K, 100% used [0x00000000eb900000,0x00000000f2800000,0x00000000f2800000)
  from space 20992K, 0% used [0x00000000f4000000,0x00000000f4000000,0x00000000f5480000)
  to   space 24576K, 0% used [0x00000000f2800000,0x00000000f2800000,0x00000000f4000000)
 ParOldGen       total 232960K, used 90979K [0x00000000c2c00000, 0x00000000d0f80000, 0x00000000eb900000)
  object space 232960K, 39% used [0x00000000c2c00000,0x00000000c84d8f08,0x00000000d0f80000)
 PSPermGen       total 24576K, used 12970K [0x00000000b8600000, 0x00000000b9e00000, 0x00000000c2c00000)
  object space 24576K, 52% used [0x00000000b8600000,0x00000000b92aaa68,0x00000000b9e00000)
Event: 4.902 GC heap after
Heap after GC invocations=19 (full 6):
 PSYoungGen      total 138240K, used 20095K [0x00000000eb900000, 0x00000000f8e80000, 0x0000000100000000)
  eden space 113664K, 0% used [0x00000000eb900000,0x00000000eb900000,0x00000000f2800000)
  from space 24576K, 81% used [0x00000000f2800000,0x00000000f3b9fd00,0x00000000f4000000)
  to   space 27648K, 0% used [0x00000000f7380000,0x00000000f7380000,0x00000000f8e80000)
 ParOldGen       total 232960K, used 123157K [0x00000000c2c00000, 0x00000000d0f80000, 0x00000000eb900000)
  object space 232960K, 52% used [0x00000000c2c00000,0x00000000ca445528,0x00000000d0f80000)
 PSPermGen       total 24576K, used 12970K [0x00000000b8600000, 0x00000000b9e00000, 0x00000000c2c00000)
  object space 24576K, 52% used [0x00000000b8600000,0x00000000b92aaa68,0x00000000b9e00000)
}
Event: 5.092 GC heap before
{Heap before GC invocations=20 (full 6):
 PSYoungGen      total 138240K, used 107447K [0x00000000eb900000, 0x00000000f8e80000, 0x0000000100000000)
  eden space 113664K, 76% used [0x00000000eb900000,0x00000000f0e4e0a8,0x00000000f2800000)
  from space 24576K, 81% used [0x00000000f2800000,0x00000000f3b9fd00,0x00000000f4000000)
  to   space 27648K, 0% used [0x00000000f7380000,0x00000000f7380000,0x00000000f8e80000)
 ParOldGen       total 232960K, used 123157K [0x00000000c2c00000, 0x00000000d0f80000, 0x00000000eb900000)
  object space 232960K, 52% used [0x00000000c2c00000,0x00000000ca445528,0x00000000d0f80000)
 PSPermGen       total 24576K, used 12970K [0x00000000b8600000, 0x00000000b9e00000, 0x00000000c2c00000)
  object space 24576K, 52% used [0x00000000b8600000,0x00000000b92aaa68,0x00000000b9e00000)
Event: 5.292 GC heap after
Heap after GC invocations=20 (full 6):
 PSYoungGen      total 186368K, used 26511K [0x00000000eb900000, 0x00000000f9b00000, 0x0000000100000000)
  eden space 158720K, 0% used [0x00000000eb900000,0x00000000eb900000,0x00000000f5400000)
  from space 27648K, 95% used [0x00000000f7380000,0x00000000f8d63ef0,0x00000000f8e80000)
  to   space 32256K, 0% used [0x00000000f5400000,0x00000000f5400000,0x00000000f7380000)
 ParOldGen       total 232960K, used 139246K [0x00000000c2c00000, 0x00000000d0f80000, 0x00000000eb900000)
  object space 232960K, 59% used [0x00000000c2c00000,0x00000000cb3fb838,0x00000000d0f80000)
 PSPermGen       total 24576K, used 12970K [0x00000000b8600000, 0x00000000b9e00000, 0x00000000c2c00000)
  object space 24576K, 52% used [0x00000000b8600000,0x00000000b92aaa68,0x00000000b9e00000)
}
Event: 5.298 GC heap before
{Heap before GC invocations=21 (full 7):
 PSYoungGen      total 186368K, used 26511K [0x00000000eb900000, 0x00000000f9b00000, 0x0000000100000000)
  eden space 158720K, 0% used [0x00000000eb900000,0x00000000eb900000,0x00000000f5400000)
  from space 27648K, 95% used [0x00000000f7380000,0x00000000f8d63ef0,0x00000000f8e80000)
  to   space 32256K, 0% used [0x00000000f5400000,0x00000000f5400000,0x00000000f7380000)
 ParOldGen       total 232960K, used 139246K [0x00000000c2c00000, 0x00000000d0f80000, 0x00000000eb900000)
  object space 232960K, 59% used [0x00000000c2c00000,0x00000000cb3fb838,0x00000000d0f80000)
 PSPermGen       total 24576K, used 12970K [0x00000000b8600000, 0x00000000b9e00000, 0x00000000c2c00000)
  object space 24576K, 52% used [0x00000000b8600000,0x00000000b92aaa68,0x00000000b9e00000)
Event: 5.339 GC heap after
Heap after GC invocations=21 (full 7):
 PSYoungGen      total 186368K, used 0K [0x00000000eb900000, 0x00000000f9b00000, 0x0000000100000000)
  eden space 158720K, 0% used [0x00000000eb900000,0x00000000eb900000,0x00000000f5400000)
  from space 27648K, 0% used [0x00000000f7380000,0x00000000f7380000,0x00000000f8e80000)
  to   space 32256K, 0% used [0x00000000f5400000,0x00000000f5400000,0x00000000f7380000)
 ParOldGen       total 212992K, used 60178K [0x00000000c2c00000, 0x00000000cfc00000, 0x00000000eb900000)
  object space 212992K, 28% used [0x00000000c2c00000,0x00000000c66c4808,0x00000000cfc00000)
 PSPermGen       total 23040K, used 12970K [0x00000000b8600000, 0x00000000b9c80000, 0x00000000c2c00000)
  object space 23040K, 56% used [0x00000000b8600000,0x00000000b92aaa68,0x00000000b9c80000)
}
Event: 5.515 GC heap before
{Heap before GC invocations=22 (full 7):
 PSYoungGen      total 186368K, used 144952K [0x00000000eb900000, 0x00000000f9b00000, 0x0000000100000000)
  eden space 158720K, 91% used [0x00000000eb900000,0x00000000f468e190,0x00000000f5400000)
  from space 27648K, 0% used [0x00000000f7380000,0x00000000f7380000,0x00000000f8e80000)
  to   space 32256K, 0% used [0x00000000f5400000,0x00000000f5400000,0x00000000f7380000)
 ParOldGen       total 212992K, used 99317K [0x00000000c2c00000, 0x00000000cfc00000, 0x00000000eb900000)
  object space 212992K, 46% used [0x00000000c2c00000,0x00000000c8cfd750,0x00000000cfc00000)
 PSPermGen       total 23040K, used 12970K [0x00000000b8600000, 0x00000000b9c80000, 0x00000000c2c00000)
  object space 23040K, 56% used [0x00000000b8600000,0x00000000b92aaa68,0x00000000b9c80000)

