# JRE version: OpenJDK Runtime Environment (7.0_55-b14) (build 1.7.0_55-b14)
# Java VM: OpenJDK 64-Bit Server VM (24.51-b03 mixed mode linux-amd64 compressed oops)
Heap
 PSYoungGen      total 242688K, used 224256K [0x00000000eb900000, 0x00000000fdb80000, 0x0000000100000000)
  eden space 224256K, 100% used [0x00000000eb900000,0x00000000f9400000,0x00000000f9400000)
  from space 18432K, 0% used [0x00000000fc980000,0x00000000fc980000,0x00000000fdb80000)
  to   space 29696K, 51% used [0x00000000fa180000,0x00000000fb04f470,0x00000000fbe80000)
 ParOldGen       total 226816K, used 213790K [0x00000000c2c00000, 0x00000000d0980000, 0x00000000eb900000)
  object space 226816K, 94% used [0x00000000c2c00000,0x00000000cfcc7a30,0x00000000d0980000)
 PSPermGen       total 22016K, used 12972K [0x00000000b8600000, 0x00000000b9b80000, 0x00000000c2c00000)
  object space 22016K, 58% used [0x00000000b8600000,0x00000000b92ab008,0x00000000b9b80000)
GC Heap History (10 events):
Event: 5.952 GC heap after
Heap after GC invocations=21 (full 6):
 PSYoungGen      total 207872K, used 96K [0x00000000eb900000, 0x00000000fa380000, 0x0000000100000000)
  eden space 178688K, 0% used [0x00000000eb900000,0x00000000eb900000,0x00000000f6780000)
  from space 29184K, 0% used [0x00000000f8700000,0x00000000f8718000,0x00000000fa380000)
  to   space 30720K, 0% used [0x00000000f6780000,0x00000000f6780000,0x00000000f8580000)
 ParOldGen       total 236032K, used 198638K [0x00000000c2c00000, 0x00000000d1280000, 0x00000000eb900000)
  object space 236032K, 84% used [0x00000000c2c00000,0x00000000cedfbb60,0x00000000d1280000)
 PSPermGen       total 24576K, used 12970K [0x00000000b8600000, 0x00000000b9e00000, 0x00000000c2c00000)
  object space 24576K, 52% used [0x00000000b8600000,0x00000000b92aab90,0x00000000b9e00000)
}
Event: 5.952 GC heap before
{Heap before GC invocations=22 (full 7):
 PSYoungGen      total 207872K, used 96K [0x00000000eb900000, 0x00000000fa380000, 0x0000000100000000)
  eden space 178688K, 0% used [0x00000000eb900000,0x00000000eb900000,0x00000000f6780000)
  from space 29184K, 0% used [0x00000000f8700000,0x00000000f8718000,0x00000000fa380000)
  to   space 30720K, 0% used [0x00000000f6780000,0x00000000f6780000,0x00000000f8580000)
 ParOldGen       total 236032K, used 198638K [0x00000000c2c00000, 0x00000000d1280000, 0x00000000eb900000)
  object space 236032K, 84% used [0x00000000c2c00000,0x00000000cedfbb60,0x00000000d1280000)
 PSPermGen       total 24576K, used 12970K [0x00000000b8600000, 0x00000000b9e00000, 0x00000000c2c00000)
  object space 24576K, 52% used [0x00000000b8600000,0x00000000b92aab90,0x00000000b9e00000)
Event: 5.978 GC heap after
Heap after GC invocations=22 (full 7):
 PSYoungGen      total 207872K, used 0K [0x00000000eb900000, 0x00000000fa380000, 0x0000000100000000)
  eden space 178688K, 0% used [0x00000000eb900000,0x00000000eb900000,0x00000000f6780000)
  from space 29184K, 0% used [0x00000000f8700000,0x00000000f8700000,0x00000000fa380000)
  to   space 30720K, 0% used [0x00000000f6780000,0x00000000f6780000,0x00000000f8580000)
 ParOldGen       total 269824K, used 120360K [0x00000000c2c00000, 0x00000000d3380000, 0x00000000eb900000)
  object space 269824K, 44% used [0x00000000c2c00000,0x00000000ca18a1a8,0x00000000d3380000)
 PSPermGen       total 23040K, used 12970K [0x00000000b8600000, 0x00000000b9c80000, 0x00000000c2c00000)
  object space 23040K, 56% used [0x00000000b8600000,0x00000000b92aab90,0x00000000b9c80000)
}
Event: 6.281 GC heap before
{Heap before GC invocations=23 (full 7):
 PSYoungGen      total 207872K, used 177710K [0x00000000eb900000, 0x00000000fa380000, 0x0000000100000000)
  eden space 178688K, 99% used [0x00000000eb900000,0x00000000f668ba80,0x00000000f6780000)
  from space 29184K, 0% used [0x00000000f8700000,0x00000000f8700000,0x00000000fa380000)
  to   space 30720K, 0% used [0x00000000f6780000,0x00000000f6780000,0x00000000f8580000)
 ParOldGen       total 269824K, used 120360K [0x00000000c2c00000, 0x00000000d3380000, 0x00000000eb900000)
  object space 269824K, 44% used [0x00000000c2c00000,0x00000000ca18a1a8,0x00000000d3380000)
 PSPermGen       total 23040K, used 12971K [0x00000000b8600000, 0x00000000b9c80000, 0x00000000c2c00000)
  object space 23040K, 56% used [0x00000000b8600000,0x00000000b92aaf58,0x00000000b9c80000)
Event: 6.303 GC heap after
Heap after GC invocations=23 (full 7):
 PSYoungGen      total 209408K, used 9376K [0x00000000eb900000, 0x00000000fe600000, 0x0000000100000000)
  eden space 178688K, 0% used [0x00000000eb900000,0x00000000eb900000,0x00000000f6780000)
  from space 30720K, 30% used [0x00000000f6780000,0x00000000f70a8030,0x00000000f8580000)
  to   space 29184K, 0% used [0x00000000fc980000,0x00000000fc980000,0x00000000fe600000)
 ParOldGen       total 269824K, used 159500K [0x00000000c2c00000, 0x00000000d3380000, 0x00000000eb900000)
  object space 269824K, 59% used [0x00000000c2c00000,0x00000000cc7c30f0,0x00000000d3380000)
 PSPermGen       total 23040K, used 12971K [0x00000000b8600000, 0x00000000b9c80000, 0x00000000c2c00000)
  object space 23040K, 56% used [0x00000000b8600000,0x00000000b92aaf58,0x00000000b9c80000)
}
Event: 6.680 GC heap before
{Heap before GC invocations=24 (full 7):
 PSYoungGen      total 209408K, used 150580K [0x00000000eb900000, 0x00000000fe600000, 0x0000000100000000)
  eden space 178688K, 79% used [0x00000000eb900000,0x00000000f42e5318,0x00000000f6780000)
  from space 30720K, 30% used [0x00000000f6780000,0x00000000f70a8030,0x00000000f8580000)
  to   space 29184K, 0% used [0x00000000fc980000,0x00000000fc980000,0x00000000fe600000)
 ParOldGen       total 269824K, used 159500K [0x00000000c2c00000, 0x00000000d3380000, 0x00000000eb900000)
  object space 269824K, 59% used [0x00000000c2c00000,0x00000000cc7c30f0,0x00000000d3380000)
 PSPermGen       total 23040K, used 12971K [0x00000000b8600000, 0x00000000b9c80000, 0x00000000c2c00000)
  object space 23040K, 56% used [0x00000000b8600000,0x00000000b92aaf58,0x00000000b9c80000)
Event: 6.720 GC heap after
Heap after GC invocations=24 (full 7):
 PSYoungGen      total 242688K, used 18269K [0x00000000eb900000, 0x00000000fdb80000, 0x0000000100000000)
  eden space 224256K, 0% used [0x00000000eb900000,0x00000000eb900000,0x00000000f9400000)
  from space 18432K, 99% used [0x00000000fc980000,0x00000000fdb57480,0x00000000fdb80000)
  to   space 29696K, 0% used [0x00000000fa180000,0x00000000fa180000,0x00000000fbe80000)
 ParOldGen       total 269824K, used 208942K [0x00000000c2c00000, 0x00000000d3380000, 0x00000000eb900000)
  object space 269824K, 77% used [0x00000000c2c00000,0x00000000cf80b9c0,0x00000000d3380000)
 PSPermGen       total 23040K, used 12971K [0x00000000b8600000, 0x00000000b9c80000, 0x00000000c2c00000)
  object space 23040K, 56% used [0x00000000b8600000,0x00000000b92aaf58,0x00000000b9c80000)
}
Event: 6.720 GC heap before
{Heap before GC invocations=25 (full 8):
 PSYoungGen      total 242688K, used 18269K [0x00000000eb900000, 0x00000000fdb80000, 0x0000000100000000)
  eden space 224256K, 0% used [0x00000000eb900000,0x00000000eb900000,0x00000000f9400000)
  from space 18432K, 99% used [0x00000000fc980000,0x00000000fdb57480,0x00000000fdb80000)
  to   space 29696K, 0% used [0x00000000fa180000,0x00000000fa180000,0x00000000fbe80000)
 ParOldGen       total 269824K, used 208942K [0x00000000c2c00000, 0x00000000d3380000, 0x00000000eb900000)
  object space 269824K, 77% used [0x00000000c2c00000,0x00000000cf80b9c0,0x00000000d3380000)
 PSPermGen       total 23040K, used 12971K [0x00000000b8600000, 0x00000000b9c80000, 0x00000000c2c00000)
  object space 23040K, 56% used [0x00000000b8600000,0x00000000b92aaf58,0x00000000b9c80000)
Event: 6.752 GC heap after
Heap after GC invocations=25 (full 8):
 PSYoungGen      total 242688K, used 0K [0x00000000eb900000, 0x00000000fdb80000, 0x0000000100000000)
  eden space 224256K, 0% used [0x00000000eb900000,0x00000000eb900000,0x00000000f9400000)
  from space 18432K, 0% used [0x00000000fc980000,0x00000000fc980000,0x00000000fdb80000)
  to   space 29696K, 0% used [0x00000000fa180000,0x00000000fa180000,0x00000000fbe80000)
 ParOldGen       total 226816K, used 77578K [0x00000000c2c00000, 0x00000000d0980000, 0x00000000eb900000)
  object space 226816K, 34% used [0x00000000c2c00000,0x00000000c77c28e0,0x00000000d0980000)
 PSPermGen       total 22016K, used 12971K [0x00000000b8600000, 0x00000000b9b80000, 0x00000000c2c00000)
  object space 22016K, 58% used [0x00000000b8600000,0x00000000b92aaf58,0x00000000b9b80000)
}
Event: 7.180 GC heap before
{Heap before GC invocations=26 (full 8):
 PSYoungGen      total 242688K, used 224256K [0x00000000eb900000, 0x00000000fdb80000, 0x0000000100000000)
  eden space 224256K, 100% used [0x00000000eb900000,0x00000000f9400000,0x00000000f9400000)
  from space 18432K, 0% used [0x00000000fc980000,0x00000000fc980000,0x00000000fdb80000)
  to   space 29696K, 0% used [0x00000000fa180000,0x00000000fa180000,0x00000000fbe80000)
 ParOldGen       total 226816K, used 77590K [0x00000000c2c00000, 0x00000000d0980000, 0x00000000eb900000)
  object space 226816K, 34% used [0x00000000c2c00000,0x00000000c77c5998,0x00000000d0980000)
 PSPermGen       total 22016K, used 12972K [0x00000000b8600000, 0x00000000b9b80000, 0x00000000c2c00000)
  object space 22016K, 58% used [0x00000000b8600000,0x00000000b92ab008,0x00000000b9b80000)

